[1002/073016.673:ERROR:process_info.cc(359)] UncheckedAllocate
[1002/073018.220:ERROR:scoped_process_suspend.cc(31)] NtSuspendProcess: An attempt was made to access an exiting process. (0xc000010a)
[1002/073018.220:ERROR:scoped_process_suspend.cc(31)] NtSuspendProcess: An attempt was made to access an exiting process. (0xc000010a)
[1002/073018.224:ERROR:scoped_process_suspend.cc(31)] NtSuspendProcess: An attempt was made to access an exiting process. (0xc000010a)
[1002/073018.220:ERROR:process_info.cc(118)] ReadProcessMemory bool __cdecl crashpad::(anonymous namespace)::ReadStruct(HANDLE, crashpad::WinVMAddress, T *) [T = crashpad::process_types::PEB<crashpad::process_types::internal::Traits64>]: Only part of a ReadProcessMemory or WriteProcessMemory request was completed. (0x12B)
[1002/073018.260:ERROR:process_info.cc(545)] ReadProcessData failed
[1002/073018.260:ERROR:process_reader_win.cc(242)] ReadMemory at 0x7fff6c6c54d0 of 12 bytes failed: Only part of a ReadProcessMemory or WriteProcessMemory request was completed. (0x12B)
[1002/073018.260:WARNING:process_snapshot_win.cc(69)] ReadMemory ExceptionInformation failed
[1002/073018.224:ERROR:process_info.cc(118)] ReadProcessMemory bool __cdecl crashpad::(anonymous namespace)::ReadStruct(HANDLE, crashpad::WinVMAddress, T *) [T = crashpad::process_types::PEB<crashpad::process_types::internal::Traits64>]: Only part of a ReadProcessMemory or WriteProcessMemory request was completed. (0x12B)
[1002/073018.264:ERROR:process_info.cc(545)] ReadProcessData failed
[1002/073018.264:ERROR:process_reader_win.cc(242)] ReadMemory at 0x7fff6c6c54d0 of 12 bytes failed: Only part of a ReadProcessMemory or WriteProcessMemory request was completed. (0x12B)
[1002/073018.264:WARNING:process_snapshot_win.cc(69)] ReadMemory ExceptionInformation failed
[1002/073018.264:ERROR:scoped_process_suspend.cc(31)] NtSuspendProcess: An attempt was made to access an exiting process. (0xc000010a)
[1002/073018.264:ERROR:process_info.cc(118)] ReadProcessMemory bool __cdecl crashpad::(anonymous namespace)::ReadStruct(HANDLE, crashpad::WinVMAddress, T *) [T = crashpad::process_types::PEB<crashpad::process_types::internal::Traits64>]: Only part of a ReadProcessMemory or WriteProcessMemory request was completed. (0x12B)
[1002/073018.264:ERROR:process_info.cc(545)] ReadProcessData failed
[1002/073018.264:ERROR:process_reader_win.cc(242)] ReadMemory at 0x7fff6c6c54d0 of 12 bytes failed: Only part of a ReadProcessMemory or WriteProcessMemory request was completed. (0x12B)
[1002/073018.264:WARNING:process_snapshot_win.cc(69)] ReadMemory ExceptionInformation failed
[1002/073018.224:ERROR:process_info.cc(118)] ReadProcessMemory bool __cdecl crashpad::(anonymous namespace)::ReadStruct(HANDLE, crashpad::WinVMAddress, T *) [T = crashpad::process_types::PEB<crashpad::process_types::internal::Traits64>]: Only part of a ReadProcessMemory or WriteProcessMemory request was completed. (0x12B)
[1002/073018.268:ERROR:process_info.cc(545)] ReadProcessData failed
[1002/073018.268:ERROR:process_reader_win.cc(242)] ReadMemory at 0x7fff6c6c54d0 of 12 bytes failed: Only part of a ReadProcessMemory or WriteProcessMemory request was completed. (0x12B)
[1002/073018.268:WARNING:process_snapshot_win.cc(69)] ReadMemory ExceptionInformation failed
